<?xml version="1.0" encoding="UTF-8"?>
<!-- Generated by org.testng.reporters.JUnitReportReporter -->
<testsuite hostname="ad-PC" name="com.ars.automation.LoginTest" tests="1" failures="0" timestamp="12 Jun 2016 04:28:51 GMT" time="24.224" errors="0">
  <testcase name="testEasy" time="24.224" classname="com.ars.automation.LoginTest"/>
</testsuite> <!-- com.ars.automation.LoginTest -->
